[18:25:36,515] INFO [org.hibernate.Version: 44] HHH000412: Hibernate ORM core version 6.4.4.Final
[18:25:36,777] INFO [org.hibernate.cache.internal.RegionFactoryInitiator: 50] HHH000026: Second-level cache disabled
[18:25:36,925] WARN [org.hibernate.orm.connections.pooling: 81] HHH10001002: Using built-in connection pool (not intended for production use)
[18:25:36,928] INFO [org.hibernate.orm.connections.pooling: 136] HHH10001005: Loaded JDBC driver class: org.postgresql.Driver
[18:25:36,928] INFO [org.hibernate.orm.connections.pooling: 158] HHH10001012: Connecting with JDBC URL [jdbc:postgresql://localhost:5432/postgres]
[18:25:36,929] INFO [org.hibernate.orm.connections.pooling: 167] HHH10001001: Connection properties: {password=****, user=postgres}
[18:25:36,929] INFO [org.hibernate.orm.connections.pooling: 171] HHH10001003: Autocommit mode: false
[18:25:36,931] INFO [org.hibernate.orm.connections.pooling: 371] HHH10001115: Connection pool size: 20 (min=1)
[18:25:37,139] WARN [org.hibernate.orm.deprecation: 153] HHH90000025: PostgreSQLDialect does not need to be specified explicitly using 'hibernate.dialect' (remove the property setting and it will be selected by default)
[18:25:38,035] INFO [org.hibernate.engine.transaction.jta.platform.internal.JtaPlatformInitiator: 58] HHH000489: No JTA platform available (set 'hibernate.transaction.jta.platform' to enable JTA platform integration)
[18:25:38,091] INFO [org.hibernate.orm.connections.pooling: 606] HHH10001008: Cleaning up connection pool [jdbc:postgresql://localhost:5432/postgres]
[18:26:44,316] INFO [org.hibernate.Version: 44] HHH000412: Hibernate ORM core version 6.4.4.Final
[18:26:44,543] INFO [org.hibernate.cache.internal.RegionFactoryInitiator: 50] HHH000026: Second-level cache disabled
[18:26:44,676] WARN [org.hibernate.orm.connections.pooling: 81] HHH10001002: Using built-in connection pool (not intended for production use)
[18:26:44,678] INFO [org.hibernate.orm.connections.pooling: 136] HHH10001005: Loaded JDBC driver class: org.postgresql.Driver
[18:26:44,679] INFO [org.hibernate.orm.connections.pooling: 158] HHH10001012: Connecting with JDBC URL [jdbc:postgresql://localhost:5432/postgres]
[18:26:44,679] INFO [org.hibernate.orm.connections.pooling: 167] HHH10001001: Connection properties: {password=****, user=postgres}
[18:26:44,679] INFO [org.hibernate.orm.connections.pooling: 171] HHH10001003: Autocommit mode: false
[18:26:44,681] INFO [org.hibernate.orm.connections.pooling: 371] HHH10001115: Connection pool size: 20 (min=1)
[18:26:44,874] WARN [org.hibernate.orm.deprecation: 153] HHH90000025: PostgreSQLDialect does not need to be specified explicitly using 'hibernate.dialect' (remove the property setting and it will be selected by default)
[18:26:45,649] INFO [org.hibernate.engine.transaction.jta.platform.internal.JtaPlatformInitiator: 58] HHH000489: No JTA platform available (set 'hibernate.transaction.jta.platform' to enable JTA platform integration)
[18:26:45,763] INFO [org.hibernate.orm.connections.pooling: 606] HHH10001008: Cleaning up connection pool [jdbc:postgresql://localhost:5432/postgres]
[18:32:04,735] INFO [org.hibernate.Version: 44] HHH000412: Hibernate ORM core version 6.4.4.Final
[18:32:04,993] INFO [org.hibernate.cache.internal.RegionFactoryInitiator: 50] HHH000026: Second-level cache disabled
[18:32:05,136] WARN [org.hibernate.orm.connections.pooling: 81] HHH10001002: Using built-in connection pool (not intended for production use)
[18:32:05,139] INFO [org.hibernate.orm.connections.pooling: 136] HHH10001005: Loaded JDBC driver class: org.postgresql.Driver
[18:32:05,139] INFO [org.hibernate.orm.connections.pooling: 158] HHH10001012: Connecting with JDBC URL [jdbc:postgresql://localhost:5432/postgres]
[18:32:05,140] INFO [org.hibernate.orm.connections.pooling: 167] HHH10001001: Connection properties: {password=****, user=postgres}
[18:32:05,140] INFO [org.hibernate.orm.connections.pooling: 171] HHH10001003: Autocommit mode: false
[18:32:05,142] INFO [org.hibernate.orm.connections.pooling: 371] HHH10001115: Connection pool size: 20 (min=1)
[18:32:05,335] WARN [org.hibernate.orm.deprecation: 153] HHH90000025: PostgreSQLDialect does not need to be specified explicitly using 'hibernate.dialect' (remove the property setting and it will be selected by default)
[18:32:06,124] INFO [org.hibernate.engine.transaction.jta.platform.internal.JtaPlatformInitiator: 58] HHH000489: No JTA platform available (set 'hibernate.transaction.jta.platform' to enable JTA platform integration)
[18:32:06,314] INFO [org.hibernate.orm.connections.pooling: 606] HHH10001008: Cleaning up connection pool [jdbc:postgresql://localhost:5432/postgres]
[19:08:33,668] INFO [org.hibernate.Version: 44] HHH000412: Hibernate ORM core version 6.4.4.Final
[19:08:34,029] INFO [org.hibernate.cache.internal.RegionFactoryInitiator: 50] HHH000026: Second-level cache disabled
[19:08:34,255] WARN [org.hibernate.orm.connections.pooling: 81] HHH10001002: Using built-in connection pool (not intended for production use)
[19:08:34,260] INFO [org.hibernate.orm.connections.pooling: 136] HHH10001005: Loaded JDBC driver class: org.postgresql.Driver
[19:08:34,261] INFO [org.hibernate.orm.connections.pooling: 158] HHH10001012: Connecting with JDBC URL [jdbc:postgresql://localhost:5432/postgres]
[19:08:34,261] INFO [org.hibernate.orm.connections.pooling: 167] HHH10001001: Connection properties: {password=****, user=postgres}
[19:08:34,261] INFO [org.hibernate.orm.connections.pooling: 171] HHH10001003: Autocommit mode: false
[19:08:34,265] INFO [org.hibernate.orm.connections.pooling: 371] HHH10001115: Connection pool size: 20 (min=1)
[19:08:34,599] WARN [org.hibernate.orm.deprecation: 153] HHH90000025: PostgreSQLDialect does not need to be specified explicitly using 'hibernate.dialect' (remove the property setting and it will be selected by default)
[19:08:35,895] INFO [org.hibernate.engine.transaction.jta.platform.internal.JtaPlatformInitiator: 58] HHH000489: No JTA platform available (set 'hibernate.transaction.jta.platform' to enable JTA platform integration)
[19:08:36,225] INFO [org.hibernate.orm.connections.pooling: 606] HHH10001008: Cleaning up connection pool [jdbc:postgresql://localhost:5432/postgres]
[19:25:02,769] INFO [org.hibernate.Version: 44] HHH000412: Hibernate ORM core version 6.4.4.Final
[19:25:03,123] INFO [org.hibernate.cache.internal.RegionFactoryInitiator: 50] HHH000026: Second-level cache disabled
[19:25:03,347] WARN [org.hibernate.orm.connections.pooling: 81] HHH10001002: Using built-in connection pool (not intended for production use)
[19:25:03,352] INFO [org.hibernate.orm.connections.pooling: 136] HHH10001005: Loaded JDBC driver class: org.postgresql.Driver
[19:25:03,353] INFO [org.hibernate.orm.connections.pooling: 158] HHH10001012: Connecting with JDBC URL [jdbc:postgresql://localhost:5432/postgres]
[19:25:03,353] INFO [org.hibernate.orm.connections.pooling: 167] HHH10001001: Connection properties: {password=****, user=postgres}
[19:25:03,353] INFO [org.hibernate.orm.connections.pooling: 171] HHH10001003: Autocommit mode: false
[19:25:03,357] INFO [org.hibernate.orm.connections.pooling: 371] HHH10001115: Connection pool size: 20 (min=1)
[19:25:03,679] WARN [org.hibernate.orm.deprecation: 153] HHH90000025: PostgreSQLDialect does not need to be specified explicitly using 'hibernate.dialect' (remove the property setting and it will be selected by default)
[19:25:05,048] INFO [org.hibernate.engine.transaction.jta.platform.internal.JtaPlatformInitiator: 58] HHH000489: No JTA platform available (set 'hibernate.transaction.jta.platform' to enable JTA platform integration)
[19:25:05,082] INFO [org.hibernate.orm.connections.pooling: 606] HHH10001008: Cleaning up connection pool [jdbc:postgresql://localhost:5432/postgres]
[19:39:21,361] INFO [org.hibernate.Version: 44] HHH000412: Hibernate ORM core version 6.4.4.Final
[19:39:21,642] INFO [org.hibernate.cache.internal.RegionFactoryInitiator: 50] HHH000026: Second-level cache disabled
[19:39:21,800] WARN [org.hibernate.orm.connections.pooling: 81] HHH10001002: Using built-in connection pool (not intended for production use)
[19:39:21,803] INFO [org.hibernate.orm.connections.pooling: 136] HHH10001005: Loaded JDBC driver class: org.postgresql.Driver
[19:39:21,803] INFO [org.hibernate.orm.connections.pooling: 158] HHH10001012: Connecting with JDBC URL [jdbc:postgresql://localhost:5432/postgres]
[19:39:21,803] INFO [org.hibernate.orm.connections.pooling: 167] HHH10001001: Connection properties: {password=****, user=postgres}
[19:39:21,803] INFO [org.hibernate.orm.connections.pooling: 171] HHH10001003: Autocommit mode: false
[19:39:21,805] INFO [org.hibernate.orm.connections.pooling: 371] HHH10001115: Connection pool size: 20 (min=1)
[19:39:22,182] WARN [org.hibernate.orm.deprecation: 153] HHH90000025: PostgreSQLDialect does not need to be specified explicitly using 'hibernate.dialect' (remove the property setting and it will be selected by default)
[19:39:23,136] INFO [org.hibernate.engine.transaction.jta.platform.internal.JtaPlatformInitiator: 58] HHH000489: No JTA platform available (set 'hibernate.transaction.jta.platform' to enable JTA platform integration)
[19:39:23,154] INFO [org.hibernate.orm.connections.pooling: 606] HHH10001008: Cleaning up connection pool [jdbc:postgresql://localhost:5432/postgres]
[19:42:25,527] INFO [org.hibernate.Version: 44] HHH000412: Hibernate ORM core version 6.4.4.Final
[19:42:25,898] INFO [org.hibernate.cache.internal.RegionFactoryInitiator: 50] HHH000026: Second-level cache disabled
[19:42:26,124] WARN [org.hibernate.orm.connections.pooling: 81] HHH10001002: Using built-in connection pool (not intended for production use)
[19:42:26,129] INFO [org.hibernate.orm.connections.pooling: 136] HHH10001005: Loaded JDBC driver class: org.postgresql.Driver
[19:42:26,130] INFO [org.hibernate.orm.connections.pooling: 158] HHH10001012: Connecting with JDBC URL [jdbc:postgresql://localhost:5432/postgres]
[19:42:26,130] INFO [org.hibernate.orm.connections.pooling: 167] HHH10001001: Connection properties: {password=****, user=postgres}
[19:42:26,130] INFO [org.hibernate.orm.connections.pooling: 171] HHH10001003: Autocommit mode: false
[19:42:26,134] INFO [org.hibernate.orm.connections.pooling: 371] HHH10001115: Connection pool size: 20 (min=1)
[19:42:26,467] WARN [org.hibernate.orm.deprecation: 153] HHH90000025: PostgreSQLDialect does not need to be specified explicitly using 'hibernate.dialect' (remove the property setting and it will be selected by default)
[19:42:27,901] INFO [org.hibernate.orm.connections.pooling: 606] HHH10001008: Cleaning up connection pool [jdbc:postgresql://localhost:5432/postgres]
[19:47:46,038] INFO [org.hibernate.Version: 44] HHH000412: Hibernate ORM core version 6.4.4.Final
[19:47:46,262] INFO [org.hibernate.cache.internal.RegionFactoryInitiator: 50] HHH000026: Second-level cache disabled
[19:47:46,403] WARN [org.hibernate.orm.connections.pooling: 81] HHH10001002: Using built-in connection pool (not intended for production use)
[19:47:46,406] INFO [org.hibernate.orm.connections.pooling: 136] HHH10001005: Loaded JDBC driver class: org.postgresql.Driver
[19:47:46,406] INFO [org.hibernate.orm.connections.pooling: 158] HHH10001012: Connecting with JDBC URL [jdbc:postgresql://localhost:5432/postgres]
[19:47:46,406] INFO [org.hibernate.orm.connections.pooling: 167] HHH10001001: Connection properties: {password=****, user=postgres}
[19:47:46,407] INFO [org.hibernate.orm.connections.pooling: 171] HHH10001003: Autocommit mode: false
[19:47:46,409] INFO [org.hibernate.orm.connections.pooling: 371] HHH10001115: Connection pool size: 20 (min=1)
[19:47:46,625] WARN [org.hibernate.orm.deprecation: 153] HHH90000025: PostgreSQLDialect does not need to be specified explicitly using 'hibernate.dialect' (remove the property setting and it will be selected by default)
[19:47:47,533] INFO [org.hibernate.orm.connections.pooling: 606] HHH10001008: Cleaning up connection pool [jdbc:postgresql://localhost:5432/postgres]
[19:52:06,490] INFO [org.hibernate.Version: 44] HHH000412: Hibernate ORM core version 6.4.4.Final
[19:52:06,716] INFO [org.hibernate.cache.internal.RegionFactoryInitiator: 50] HHH000026: Second-level cache disabled
[19:52:06,844] WARN [org.hibernate.orm.connections.pooling: 81] HHH10001002: Using built-in connection pool (not intended for production use)
[19:52:06,847] INFO [org.hibernate.orm.connections.pooling: 136] HHH10001005: Loaded JDBC driver class: org.postgresql.Driver
[19:52:06,847] INFO [org.hibernate.orm.connections.pooling: 158] HHH10001012: Connecting with JDBC URL [jdbc:postgresql://localhost:5432/postgres]
[19:52:06,848] INFO [org.hibernate.orm.connections.pooling: 167] HHH10001001: Connection properties: {password=****, user=postgres}
[19:52:06,848] INFO [org.hibernate.orm.connections.pooling: 171] HHH10001003: Autocommit mode: false
[19:52:06,850] INFO [org.hibernate.orm.connections.pooling: 371] HHH10001115: Connection pool size: 20 (min=1)
[19:52:07,044] WARN [org.hibernate.orm.deprecation: 153] HHH90000025: PostgreSQLDialect does not need to be specified explicitly using 'hibernate.dialect' (remove the property setting and it will be selected by default)
[19:52:07,882] INFO [org.hibernate.orm.connections.pooling: 606] HHH10001008: Cleaning up connection pool [jdbc:postgresql://localhost:5432/postgres]
[19:52:07,883] ERROR [org.hibernate.orm.connections.pooling: 475] Connection leak detected: there are 1 unclosed connections upon shutting down pool jdbc:postgresql://localhost:5432/postgres
[19:52:07,884] ERROR [org.hibernate.orm.connections.pooling: 302] Connection leak detected: there are 1 unclosed connections
[19:53:15,277] INFO [org.hibernate.Version: 44] HHH000412: Hibernate ORM core version 6.4.4.Final
[19:53:15,493] INFO [org.hibernate.cache.internal.RegionFactoryInitiator: 50] HHH000026: Second-level cache disabled
[19:53:15,625] WARN [org.hibernate.orm.connections.pooling: 81] HHH10001002: Using built-in connection pool (not intended for production use)
[19:53:15,628] INFO [org.hibernate.orm.connections.pooling: 136] HHH10001005: Loaded JDBC driver class: org.postgresql.Driver
[19:53:15,628] INFO [org.hibernate.orm.connections.pooling: 158] HHH10001012: Connecting with JDBC URL [jdbc:postgresql://localhost:5432/postgres]
[19:53:15,628] INFO [org.hibernate.orm.connections.pooling: 167] HHH10001001: Connection properties: {password=****, user=postgres}
[19:53:15,629] INFO [org.hibernate.orm.connections.pooling: 171] HHH10001003: Autocommit mode: false
[19:53:15,631] INFO [org.hibernate.orm.connections.pooling: 371] HHH10001115: Connection pool size: 20 (min=1)
[19:53:15,823] WARN [org.hibernate.orm.deprecation: 153] HHH90000025: PostgreSQLDialect does not need to be specified explicitly using 'hibernate.dialect' (remove the property setting and it will be selected by default)
[19:53:16,682] INFO [org.hibernate.orm.connections.pooling: 606] HHH10001008: Cleaning up connection pool [jdbc:postgresql://localhost:5432/postgres]
[19:53:30,579] INFO [org.hibernate.Version: 44] HHH000412: Hibernate ORM core version 6.4.4.Final
[19:53:30,795] INFO [org.hibernate.cache.internal.RegionFactoryInitiator: 50] HHH000026: Second-level cache disabled
[19:53:30,926] WARN [org.hibernate.orm.connections.pooling: 81] HHH10001002: Using built-in connection pool (not intended for production use)
[19:53:30,929] INFO [org.hibernate.orm.connections.pooling: 136] HHH10001005: Loaded JDBC driver class: org.postgresql.Driver
[19:53:30,930] INFO [org.hibernate.orm.connections.pooling: 158] HHH10001012: Connecting with JDBC URL [jdbc:postgresql://localhost:5432/postgres]
[19:53:30,930] INFO [org.hibernate.orm.connections.pooling: 167] HHH10001001: Connection properties: {password=****, user=postgres}
[19:53:30,930] INFO [org.hibernate.orm.connections.pooling: 171] HHH10001003: Autocommit mode: false
[19:53:30,932] INFO [org.hibernate.orm.connections.pooling: 371] HHH10001115: Connection pool size: 20 (min=1)
[19:53:31,223] WARN [org.hibernate.orm.deprecation: 153] HHH90000025: PostgreSQLDialect does not need to be specified explicitly using 'hibernate.dialect' (remove the property setting and it will be selected by default)
[19:53:32,057] INFO [org.hibernate.orm.connections.pooling: 606] HHH10001008: Cleaning up connection pool [jdbc:postgresql://localhost:5432/postgres]
[19:53:32,059] ERROR [org.hibernate.orm.connections.pooling: 475] Connection leak detected: there are 1 unclosed connections upon shutting down pool jdbc:postgresql://localhost:5432/postgres
[19:53:32,060] ERROR [org.hibernate.orm.connections.pooling: 302] Connection leak detected: there are 1 unclosed connections
[19:55:41,991] INFO [org.hibernate.Version: 44] HHH000412: Hibernate ORM core version 6.4.4.Final
[19:55:42,208] INFO [org.hibernate.cache.internal.RegionFactoryInitiator: 50] HHH000026: Second-level cache disabled
[19:55:42,340] WARN [org.hibernate.orm.connections.pooling: 81] HHH10001002: Using built-in connection pool (not intended for production use)
[19:55:42,343] INFO [org.hibernate.orm.connections.pooling: 136] HHH10001005: Loaded JDBC driver class: org.postgresql.Driver
[19:55:42,343] INFO [org.hibernate.orm.connections.pooling: 158] HHH10001012: Connecting with JDBC URL [jdbc:postgresql://localhost:5432/postgres]
[19:55:42,343] INFO [org.hibernate.orm.connections.pooling: 167] HHH10001001: Connection properties: {password=****, user=postgres}
[19:55:42,344] INFO [org.hibernate.orm.connections.pooling: 171] HHH10001003: Autocommit mode: false
[19:55:42,346] INFO [org.hibernate.orm.connections.pooling: 371] HHH10001115: Connection pool size: 20 (min=1)
[19:55:42,538] WARN [org.hibernate.orm.deprecation: 153] HHH90000025: PostgreSQLDialect does not need to be specified explicitly using 'hibernate.dialect' (remove the property setting and it will be selected by default)
[19:55:43,402] INFO [org.hibernate.orm.connections.pooling: 606] HHH10001008: Cleaning up connection pool [jdbc:postgresql://localhost:5432/postgres]
[21:28:23,263] INFO [org.hibernate.Version: 44] HHH000412: Hibernate ORM core version 6.4.4.Final
[21:28:23,464] INFO [org.hibernate.cache.internal.RegionFactoryInitiator: 50] HHH000026: Second-level cache disabled
[21:28:23,588] WARN [org.hibernate.orm.connections.pooling: 81] HHH10001002: Using built-in connection pool (not intended for production use)
[21:28:23,591] INFO [org.hibernate.orm.connections.pooling: 136] HHH10001005: Loaded JDBC driver class: org.postgresql.Driver
[21:28:23,591] INFO [org.hibernate.orm.connections.pooling: 158] HHH10001012: Connecting with JDBC URL [jdbc:postgresql://localhost:5432/postgres]
[21:28:23,591] INFO [org.hibernate.orm.connections.pooling: 167] HHH10001001: Connection properties: {password=****, user=postgres}
[21:28:23,591] INFO [org.hibernate.orm.connections.pooling: 171] HHH10001003: Autocommit mode: false
[21:28:23,593] INFO [org.hibernate.orm.connections.pooling: 371] HHH10001115: Connection pool size: 20 (min=1)
[21:28:23,933] WARN [org.hibernate.orm.deprecation: 153] HHH90000025: PostgreSQLDialect does not need to be specified explicitly using 'hibernate.dialect' (remove the property setting and it will be selected by default)
[21:28:24,821] INFO [org.hibernate.orm.connections.pooling: 606] HHH10001008: Cleaning up connection pool [jdbc:postgresql://localhost:5432/postgres]
[21:34:50,958] INFO [org.hibernate.Version: 44] HHH000412: Hibernate ORM core version 6.4.4.Final
[21:34:51,178] INFO [org.hibernate.cache.internal.RegionFactoryInitiator: 50] HHH000026: Second-level cache disabled
[21:34:51,318] WARN [org.hibernate.orm.connections.pooling: 81] HHH10001002: Using built-in connection pool (not intended for production use)
[21:34:51,321] INFO [org.hibernate.orm.connections.pooling: 136] HHH10001005: Loaded JDBC driver class: org.postgresql.Driver
[21:34:51,321] INFO [org.hibernate.orm.connections.pooling: 158] HHH10001012: Connecting with JDBC URL [jdbc:postgresql://localhost:5432/postgres]
[21:34:51,321] INFO [org.hibernate.orm.connections.pooling: 167] HHH10001001: Connection properties: {password=****, user=postgres}
[21:34:51,321] INFO [org.hibernate.orm.connections.pooling: 171] HHH10001003: Autocommit mode: false
[21:34:51,323] INFO [org.hibernate.orm.connections.pooling: 371] HHH10001115: Connection pool size: 20 (min=1)
[21:34:51,516] WARN [org.hibernate.orm.deprecation: 153] HHH90000025: PostgreSQLDialect does not need to be specified explicitly using 'hibernate.dialect' (remove the property setting and it will be selected by default)
[21:34:52,365] INFO [org.hibernate.orm.connections.pooling: 606] HHH10001008: Cleaning up connection pool [jdbc:postgresql://localhost:5432/postgres]
[21:35:07,926] INFO [org.hibernate.Version: 44] HHH000412: Hibernate ORM core version 6.4.4.Final
[21:35:08,138] INFO [org.hibernate.cache.internal.RegionFactoryInitiator: 50] HHH000026: Second-level cache disabled
[21:35:08,268] WARN [org.hibernate.orm.connections.pooling: 81] HHH10001002: Using built-in connection pool (not intended for production use)
[21:35:08,271] INFO [org.hibernate.orm.connections.pooling: 136] HHH10001005: Loaded JDBC driver class: org.postgresql.Driver
[21:35:08,271] INFO [org.hibernate.orm.connections.pooling: 158] HHH10001012: Connecting with JDBC URL [jdbc:postgresql://localhost:5432/postgres]
[21:35:08,271] INFO [org.hibernate.orm.connections.pooling: 167] HHH10001001: Connection properties: {password=****, user=postgres}
[21:35:08,271] INFO [org.hibernate.orm.connections.pooling: 171] HHH10001003: Autocommit mode: false
[21:35:08,273] INFO [org.hibernate.orm.connections.pooling: 371] HHH10001115: Connection pool size: 20 (min=1)
[21:35:08,469] WARN [org.hibernate.orm.deprecation: 153] HHH90000025: PostgreSQLDialect does not need to be specified explicitly using 'hibernate.dialect' (remove the property setting and it will be selected by default)
[21:35:09,342] INFO [org.hibernate.orm.connections.pooling: 606] HHH10001008: Cleaning up connection pool [jdbc:postgresql://localhost:5432/postgres]
